14/09/2020 20:11:52	This log contains information about the import schema operation into project 'WCFProducts.Database' on computer 'DESKTOP-652APCE' by user 'Lucas'.
14/09/2020 20:11:52	Import of database schema has started.
14/09/2020 20:11:53	Gathering error messages
14/09/2020 20:11:53	Gathering cryptographic providers
14/09/2020 20:11:53	Gathering credentials
14/09/2020 20:11:53	Gathering logins
14/09/2020 20:11:53	Gathering server roles
14/09/2020 20:11:53	Gathering server role memberships
14/09/2020 20:11:53	Gathering linked servers
14/09/2020 20:11:53	Gathering linked server logins
14/09/2020 20:11:53	Gathering routes
14/09/2020 20:11:53	Gathering ddl triggers
14/09/2020 20:11:53	Gathering encrypted and clr ddl triggers
14/09/2020 20:11:53	Gathering event notifications
14/09/2020 20:11:53	Gathering server audits
14/09/2020 20:11:53	Gathering server audit specifications
14/09/2020 20:11:53	Gathering event notifications
14/09/2020 20:11:56	Gathering database credentials
14/09/2020 20:11:56	Gathering database options
14/09/2020 20:11:56	Gathering users
14/09/2020 20:11:56	Gathering roles
14/09/2020 20:11:56	Gathering application roles
14/09/2020 20:11:56	Gathering role memberships
14/09/2020 20:11:56	Gathering filegroups
14/09/2020 20:11:56	Gathering files
14/09/2020 20:11:56	Gathering full-text catalogs
14/09/2020 20:11:56	Gathering assemblies
14/09/2020 20:11:56	Gathering certificates
14/09/2020 20:11:56	Gathering asymmetric keys
14/09/2020 20:11:56	Gathering symmetric keys
14/09/2020 20:11:56	Gathering encrypted symmetric keys
14/09/2020 20:11:56	Gathering database encryption keys
14/09/2020 20:11:56	Gathering schemas
14/09/2020 20:11:56	Gathering XML schema collections
14/09/2020 20:11:56	Gathering user-defined data types
14/09/2020 20:11:56	Gathering user-defined types
14/09/2020 20:11:56	Gathering table types
14/09/2020 20:11:56	Gathering unique keys for table types
14/09/2020 20:11:56	Gathering primary keys for table types
14/09/2020 20:11:56	Gathering indexes for table types
14/09/2020 20:11:56	Gathering check constraints for table types
14/09/2020 20:11:56	Gathering default constraints for table types
14/09/2020 20:11:56	Gathering partition functions
14/09/2020 20:11:56	Gathering partition schemes
14/09/2020 20:11:56	Gathering functions
14/09/2020 20:11:56	Gathering encrypted functions
14/09/2020 20:11:56	Gathering aggregates
14/09/2020 20:11:56	Gathering procedures
14/09/2020 20:11:56	Gathering encrypted procedures
14/09/2020 20:11:56	Gathering tables
14/09/2020 20:11:56	Gathering primary keys
14/09/2020 20:11:56	Gathering unique constraints
14/09/2020 20:11:56	Gathering foreign keys
14/09/2020 20:11:56	Gathering default constraints
14/09/2020 20:11:56	Gathering check constraints
14/09/2020 20:11:56	Gathering views
14/09/2020 20:11:56	Gathering encrypted views
14/09/2020 20:11:56	Gathering indexes
14/09/2020 20:11:56	Gathering statistics
14/09/2020 20:11:56	Gathering full-text index stoplists
14/09/2020 20:11:56	Gathering search property lists
14/09/2020 20:11:56	Gathering search properties
14/09/2020 20:11:56	Gathering full-text indexes
14/09/2020 20:11:56	Gathering column store indexes
14/09/2020 20:11:56	Gathering spatial indexes
14/09/2020 20:11:56	Gathering XML indexes
14/09/2020 20:11:56	Gathering Selective XML indexes
14/09/2020 20:11:56	Gathering encrypted triggers
14/09/2020 20:11:56	Gathering triggers
14/09/2020 20:11:56	Gathering encrypted and clr ddl triggers
14/09/2020 20:11:56	Gathering ddl triggers
14/09/2020 20:11:56	Gathering synonyms
14/09/2020 20:11:56	Gathering defaults
14/09/2020 20:11:56	Gathering data constraint uddt bindings
14/09/2020 20:11:56	Gathering rules
14/09/2020 20:11:56	Gathering data constraint uddt bindings
14/09/2020 20:11:56	Gathering message types
14/09/2020 20:11:56	Gathering queues
14/09/2020 20:11:56	Gathering contracts
14/09/2020 20:11:56	Gathering services
14/09/2020 20:11:56	Gathering routes
14/09/2020 20:11:56	Gathering event notifications
14/09/2020 20:11:56	Gathering remote service bindings
14/09/2020 20:11:56	Gathering broker priorities
14/09/2020 20:11:56	Gathering database audit specifications
14/09/2020 20:11:56	Gathering signatures
14/09/2020 20:11:56	Gathering data compression options
14/09/2020 20:11:56	Gathering sequence types
14/09/2020 20:11:56	Gathering security policies
14/09/2020 20:11:56	Gather column encryption keys
14/09/2020 20:11:56	Gathering column master keys
14/09/2020 20:11:56	Gathering external data sources
14/09/2020 20:11:56	Gathering external file formats
14/09/2020 20:11:56	Gathering external tables
14/09/2020 20:11:56	Gathering database permissions
14/09/2020 20:11:57	Gathering extended properties
14/09/2020 20:11:58	Scanning project for duplicate elements
14/09/2020 20:11:58	Finished duplicate element processing
14/09/2020 20:11:58	Finished importing database.
14/09/2020 20:11:58	A summary of the import was saved to the following location: C:\Users\Lucas\Desktop\WCFProducts.Database\Import Schema Logs\WCFProducts.Database_20200914111152.log
14/09/2020 20:11:58	Click Finish to continue...
